<?xml version="1.0" encoding="UTF-8"?>
<testng-results ignored="0" total="2" passed="2" failed="0" skipped="0">
  <reporter-output>
  </reporter-output>
  <suite started-at="2022-11-01T00:11:24Z" name="Suite" finished-at="2022-11-01T00:11:30Z" duration-ms="5894">
    <groups>
    </groups>
    <test started-at="2022-11-01T00:11:24Z" name="Test" finished-at="2022-11-01T00:11:30Z" duration-ms="5894">
      <class name="com.framework.runner.TestRunner">
        <test-method is-config="true" signature="BeforeSuiteClass()[pri:0, instance:com.framework.runner.TestRunner@5e4c8041]" started-at="2022-11-01T00:11:14Z" name="BeforeSuiteClass" finished-at="2022-11-01T00:11:24Z" duration-ms="9924" status="PASS">
          <reporter-output>
          </reporter-output>
        </test-method> <!-- BeforeSuiteClass -->
        <test-method is-config="true" signature="setUpClass()[pri:0, instance:com.framework.runner.TestRunner@5e4c8041]" started-at="2022-11-01T00:11:24Z" name="setUpClass" finished-at="2022-11-01T00:11:24Z" duration-ms="2" status="PASS">
          <reporter-output>
          </reporter-output>
        </test-method> <!-- setUpClass -->
        <test-method signature="scenario(cucumber.api.testng.PickleEventWrapper, cucumber.api.testng.CucumberFeatureWrapper)[pri:0, instance:com.framework.runner.TestRunner@5e4c8041]" started-at="2022-11-01T00:11:24Z" name="scenario" description="Runs Cucumber Scenarios" data-provider="scenarios" finished-at="2022-11-01T00:11:27Z" duration-ms="3278" status="PASS">
          <params>
            <param index="0">
              <value>
                <![CDATA["ETAFDEMO_GetBookByVolumeId_2"]]>
              </value>
            </param>
            <param index="1">
              <value>
                <![CDATA["ETAFDemo"]]>
              </value>
            </param>
          </params>
          <reporter-output>
          </reporter-output>
        </test-method> <!-- scenario -->
        <test-method signature="scenario(cucumber.api.testng.PickleEventWrapper, cucumber.api.testng.CucumberFeatureWrapper)[pri:0, instance:com.framework.runner.TestRunner@5e4c8041]" started-at="2022-11-01T00:11:27Z" name="scenario" description="Runs Cucumber Scenarios" data-provider="scenarios" finished-at="2022-11-01T00:11:29Z" duration-ms="2558" status="PASS">
          <params>
            <param index="0">
              <value>
                <![CDATA["ETAFDEMO_SearchBook_2"]]>
              </value>
            </param>
            <param index="1">
              <value>
                <![CDATA["ETAFDemo"]]>
              </value>
            </param>
          </params>
          <reporter-output>
          </reporter-output>
        </test-method> <!-- scenario -->
        <test-method is-config="true" signature="tearDownClass()[pri:0, instance:com.framework.runner.TestRunner@5e4c8041]" started-at="2022-11-01T00:11:29Z" name="tearDownClass" finished-at="2022-11-01T00:11:30Z" duration-ms="7" status="PASS">
          <reporter-output>
          </reporter-output>
        </test-method> <!-- tearDownClass -->
        <test-method is-config="true" signature="AfterSuite()[pri:0, instance:com.framework.runner.TestRunner@5e4c8041]" started-at="2022-11-01T00:11:30Z" name="AfterSuite" finished-at="2022-11-01T00:11:39Z" duration-ms="9689" status="PASS">
          <reporter-output>
          </reporter-output>
        </test-method> <!-- AfterSuite -->
      </class> <!-- com.framework.runner.TestRunner -->
    </test> <!-- Test -->
  </suite> <!-- Suite -->
</testng-results>
